  Cleaning remote project directory
  Validating architecture
  Validating sources
  Copying sources remotely to '142.16.2.181'
  Starting remote build
  Compiling sources:
  bcm2835.c
C:\Program Files\Microsoft Visual Studio\2017\Professional\Common7\IDE\VC\VCTargets\Application Type\Linux\1.0\Linux.targets(269,5): warning : command line option ‘-fthreadsafe-statics’ is valid for C++/ObjC++ but not for C
C:\Program Files\Microsoft Visual Studio\2017\Professional\Common7\IDE\VC\VCTargets\Application Type\Linux\1.0\Linux.targets(269,5): warning : command line option ‘-frtti’ is valid for C++/ObjC++ but not for C
C:\Users\NeunerSe\Documents\Visual Studio 2017\Projects\RaspberryGlobe - Release 1.0\RaspberryGlobe\bcm2835.c(222,23): warning : conversion to ‘uint8_t {aka unsigned char}’ from ‘int’ may alter its value [-Wconversion]
C:\Users\NeunerSe\Documents\Visual Studio 2017\Projects\RaspberryGlobe - Release 1.0\RaspberryGlobe\bcm2835.c(223,22): warning : conversion to ‘uint32_t {aka unsigned int}’ from ‘int’ may change the sign of the result [-Wsign-conversion]
C:\Users\NeunerSe\Documents\Visual Studio 2017\Projects\RaspberryGlobe - Release 1.0\RaspberryGlobe\bcm2835.c(224,23): warning : conversion to ‘uint32_t {aka unsigned int}’ from ‘int’ may change the sign of the result [-Wsign-conversion]
C:\Users\NeunerSe\Documents\Visual Studio 2017\Projects\RaspberryGlobe - Release 1.0\RaspberryGlobe\bcm2835.c(233,31): warning : conversion to ‘uint32_t {aka unsigned int}’ from ‘int’ may change the sign of the result [-Wsign-conversion]
C:\Users\NeunerSe\Documents\Visual Studio 2017\Projects\RaspberryGlobe - Release 1.0\RaspberryGlobe\bcm2835.c(241,31): warning : conversion to ‘uint32_t {aka unsigned int}’ from ‘int’ may change the sign of the result [-Wsign-conversion]
C:\Users\NeunerSe\Documents\Visual Studio 2017\Projects\RaspberryGlobe - Release 1.0\RaspberryGlobe\bcm2835.c(264,19): warning : conversion to ‘uint32_t {aka unsigned int}’ from ‘int’ may change the sign of the result [-Wsign-conversion]
C:\Users\NeunerSe\Documents\Visual Studio 2017\Projects\RaspberryGlobe - Release 1.0\RaspberryGlobe\bcm2835.c(275,19): warning : conversion to ‘uint32_t {aka unsigned int}’ from ‘int’ may change the sign of the result [-Wsign-conversion]
C:\Users\NeunerSe\Documents\Visual Studio 2017\Projects\RaspberryGlobe - Release 1.0\RaspberryGlobe\bcm2835.c(290,22): warning : conversion to ‘uint32_t {aka unsigned int}’ from ‘int’ may change the sign of the result [-Wsign-conversion]
C:\Users\NeunerSe\Documents\Visual Studio 2017\Projects\RaspberryGlobe - Release 1.0\RaspberryGlobe\bcm2835.c(305,22): warning : conversion to ‘uint32_t {aka unsigned int}’ from ‘int’ may change the sign of the result [-Wsign-conversion]
C:\Users\NeunerSe\Documents\Visual Studio 2017\Projects\RaspberryGlobe - Release 1.0\RaspberryGlobe\bcm2835.c(312,22): warning : conversion to ‘uint32_t {aka unsigned int}’ from ‘int’ may change the sign of the result [-Wsign-conversion]
C:\Users\NeunerSe\Documents\Visual Studio 2017\Projects\RaspberryGlobe - Release 1.0\RaspberryGlobe\bcm2835.c(321,22): warning : conversion to ‘uint32_t {aka unsigned int}’ from ‘int’ may change the sign of the result [-Wsign-conversion]
C:\Users\NeunerSe\Documents\Visual Studio 2017\Projects\RaspberryGlobe - Release 1.0\RaspberryGlobe\bcm2835.c(328,22): warning : conversion to ‘uint32_t {aka unsigned int}’ from ‘int’ may change the sign of the result [-Wsign-conversion]
C:\Users\NeunerSe\Documents\Visual Studio 2017\Projects\RaspberryGlobe - Release 1.0\RaspberryGlobe\bcm2835.c(337,22): warning : conversion to ‘uint32_t {aka unsigned int}’ from ‘int’ may change the sign of the result [-Wsign-conversion]
C:\Users\NeunerSe\Documents\Visual Studio 2017\Projects\RaspberryGlobe - Release 1.0\RaspberryGlobe\bcm2835.c(344,22): warning : conversion to ‘uint32_t {aka unsigned int}’ from ‘int’ may change the sign of the result [-Wsign-conversion]
C:\Users\NeunerSe\Documents\Visual Studio 2017\Projects\RaspberryGlobe - Release 1.0\RaspberryGlobe\bcm2835.c(353,22): warning : conversion to ‘uint32_t {aka unsigned int}’ from ‘int’ may change the sign of the result [-Wsign-conversion]
C:\Users\NeunerSe\Documents\Visual Studio 2017\Projects\RaspberryGlobe - Release 1.0\RaspberryGlobe\bcm2835.c(360,22): warning : conversion to ‘uint32_t {aka unsigned int}’ from ‘int’ may change the sign of the result [-Wsign-conversion]
C:\Users\NeunerSe\Documents\Visual Studio 2017\Projects\RaspberryGlobe - Release 1.0\RaspberryGlobe\bcm2835.c(369,22): warning : conversion to ‘uint32_t {aka unsigned int}’ from ‘int’ may change the sign of the result [-Wsign-conversion]
C:\Users\NeunerSe\Documents\Visual Studio 2017\Projects\RaspberryGlobe - Release 1.0\RaspberryGlobe\bcm2835.c(376,22): warning : conversion to ‘uint32_t {aka unsigned int}’ from ‘int’ may change the sign of the result [-Wsign-conversion]
C:\Users\NeunerSe\Documents\Visual Studio 2017\Projects\RaspberryGlobe - Release 1.0\RaspberryGlobe\bcm2835.c(385,22): warning : conversion to ‘uint32_t {aka unsigned int}’ from ‘int’ may change the sign of the result [-Wsign-conversion]
C:\Users\NeunerSe\Documents\Visual Studio 2017\Projects\RaspberryGlobe - Release 1.0\RaspberryGlobe\bcm2835.c(392,22): warning : conversion to ‘uint32_t {aka unsigned int}’ from ‘int’ may change the sign of the result [-Wsign-conversion]
C:\Users\NeunerSe\Documents\Visual Studio 2017\Projects\RaspberryGlobe - Release 1.0\RaspberryGlobe\bcm2835.c(410,31): warning : conversion to ‘uint32_t {aka unsigned int}’ from ‘int’ may change the sign of the result [-Wsign-conversion]
C:\Users\NeunerSe\Documents\Visual Studio 2017\Projects\RaspberryGlobe - Release 1.0\RaspberryGlobe\bcm2835.c(416,3): warning : this ‘if’ clause does not guard... [-Wmisleading-indentation]
C:\Users\NeunerSe\Documents\Visual Studio 2017\Projects\RaspberryGlobe - Release 1.0\RaspberryGlobe\bcm2835.c(419,5): message : ...this statement, but the latter is misleadingly indented as if it is guarded by the ‘if’
C:\Users\NeunerSe\Documents\Visual Studio 2017\Projects\RaspberryGlobe - Release 1.0\RaspberryGlobe\bcm2835.c(429,3): warning : this ‘if’ clause does not guard... [-Wmisleading-indentation]
C:\Users\NeunerSe\Documents\Visual Studio 2017\Projects\RaspberryGlobe - Release 1.0\RaspberryGlobe\bcm2835.c(432,5): message : ...this statement, but the latter is misleadingly indented as if it is guarded by the ‘if’
C:\Users\NeunerSe\Documents\Visual Studio 2017\Projects\RaspberryGlobe - Release 1.0\RaspberryGlobe\bcm2835.c(445,5): warning : implicit declaration of function ‘nanosleep’ [-Wimplicit-function-declaration]
C:\Users\NeunerSe\Documents\Visual Studio 2017\Projects\RaspberryGlobe - Release 1.0\RaspberryGlobe\bcm2835.c(596,34): warning : conversion to ‘uint32_t {aka unsigned int}’ from ‘int’ may change the sign of the result [-Wsign-conversion]
C:\Users\NeunerSe\Documents\Visual Studio 2017\Projects\RaspberryGlobe - Release 1.0\RaspberryGlobe\bcm2835.c(633,12): warning : conversion to ‘uint8_t {aka unsigned char}’ from ‘uint32_t {aka unsigned int}’ may alter its value [-Wconversion]
C:\Users\NeunerSe\Documents\Visual Studio 2017\Projects\RaspberryGlobe - Release 1.0\RaspberryGlobe\bcm2835.c(667,26): warning : conversion to ‘char’ from ‘uint32_t {aka unsigned int}’ may alter its value [-Wconversion]
C:\Users\NeunerSe\Documents\Visual Studio 2017\Projects\RaspberryGlobe - Release 1.0\RaspberryGlobe\bcm2835.c(740,21): warning : conversion to ‘uint8_t {aka unsigned char}’ from ‘int’ may alter its value [-Wconversion]
C:\Users\NeunerSe\Documents\Visual Studio 2017\Projects\RaspberryGlobe - Release 1.0\RaspberryGlobe\bcm2835.c(742,34): warning : conversion to ‘uint32_t {aka unsigned int}’ from ‘int’ may change the sign of the result [-Wsign-conversion]
C:\Users\NeunerSe\Documents\Visual Studio 2017\Projects\RaspberryGlobe - Release 1.0\RaspberryGlobe\bcm2835.c(742,51): warning : conversion to ‘uint32_t {aka unsigned int}’ from ‘int’ may change the sign of the result [-Wsign-conversion]
C:\Users\NeunerSe\Documents\Visual Studio 2017\Projects\RaspberryGlobe - Release 1.0\RaspberryGlobe\bcm2835.c(823,12): warning : conversion to ‘uint16_t {aka short unsigned int}’ from ‘int’ may alter its value [-Wconversion]
C:\Users\NeunerSe\Documents\Visual Studio 2017\Projects\RaspberryGlobe - Release 1.0\RaspberryGlobe\bcm2835.c(892,9): warning : conversion to ‘uint32_t {aka unsigned int}’ from ‘int’ may change the sign of the result [-Wsign-conversion]
C:\Users\NeunerSe\Documents\Visual Studio 2017\Projects\RaspberryGlobe - Release 1.0\RaspberryGlobe\bcm2835.c(944,10): warning : conversion to ‘uint32_t {aka unsigned int}’ from ‘int’ may change the sign of the result [-Wsign-conversion]
C:\Users\NeunerSe\Documents\Visual Studio 2017\Projects\RaspberryGlobe - Release 1.0\RaspberryGlobe\bcm2835.c(1029,12): warning : conversion to ‘uint16_t {aka short unsigned int}’ from ‘uint32_t {aka unsigned int}’ may alter its value [-Wconversion]
C:\Users\NeunerSe\Documents\Visual Studio 2017\Projects\RaspberryGlobe - Release 1.0\RaspberryGlobe\bcm2835.c(1034,24): warning : conversion to ‘int’ from ‘float’ may alter its value [-Wfloat-conversion]
C:\Users\NeunerSe\Documents\Visual Studio 2017\Projects\RaspberryGlobe - Release 1.0\RaspberryGlobe\bcm2835.c(1079,24): warning : conversion to ‘int’ from ‘float’ may alter its value [-Wfloat-conversion]
C:\Users\NeunerSe\Documents\Visual Studio 2017\Projects\RaspberryGlobe - Release 1.0\RaspberryGlobe\bcm2835.c(1197,15): warning : conversion to ‘char’ from ‘uint32_t {aka unsigned int}’ may alter its value [-Wconversion]
C:\Users\NeunerSe\Documents\Visual Studio 2017\Projects\RaspberryGlobe - Release 1.0\RaspberryGlobe\bcm2835.c(1207,18): warning : conversion to ‘char’ from ‘uint32_t {aka unsigned int}’ may alter its value [-Wconversion]
C:\Users\NeunerSe\Documents\Visual Studio 2017\Projects\RaspberryGlobe - Release 1.0\RaspberryGlobe\bcm2835.c(1279,31): warning : conversion to ‘uint64_t {aka long long unsigned int}’ from ‘int’ may change the sign of the result [-Wsign-conversion]
C:\Users\NeunerSe\Documents\Visual Studio 2017\Projects\RaspberryGlobe - Release 1.0\RaspberryGlobe\bcm2835.c(1288,15): warning : conversion to ‘char’ from ‘uint32_t {aka unsigned int}’ may alter its value [-Wconversion]
C:\Users\NeunerSe\Documents\Visual Studio 2017\Projects\RaspberryGlobe - Release 1.0\RaspberryGlobe\bcm2835.c(1298,18): warning : conversion to ‘char’ from ‘uint32_t {aka unsigned int}’ may alter its value [-Wconversion]
C:\Users\NeunerSe\Documents\Visual Studio 2017\Projects\RaspberryGlobe - Release 1.0\RaspberryGlobe\bcm2835.c(1383,48): warning : conversion to ‘uint32_t {aka unsigned int}’ from ‘int’ may change the sign of the result [-Wsign-conversion]
C:\Users\NeunerSe\Documents\Visual Studio 2017\Projects\RaspberryGlobe - Release 1.0\RaspberryGlobe\bcm2835.c(1392,15): warning : conversion to ‘char’ from ‘uint32_t {aka unsigned int}’ may alter its value [-Wconversion]
C:\Users\NeunerSe\Documents\Visual Studio 2017\Projects\RaspberryGlobe - Release 1.0\RaspberryGlobe\bcm2835.c(1402,18): warning : conversion to ‘char’ from ‘uint32_t {aka unsigned int}’ may alter its value [-Wconversion]
C:\Users\NeunerSe\Documents\Visual Studio 2017\Projects\RaspberryGlobe - Release 1.0\RaspberryGlobe\bcm2835.c(1507,10): warning : negative integer implicitly converted to unsigned type [-Wsign-conversion]
C:\Users\NeunerSe\Documents\Visual Studio 2017\Projects\RaspberryGlobe - Release 1.0\RaspberryGlobe\bcm2835.c(1511,10): warning : negative integer implicitly converted to unsigned type [-Wsign-conversion]
C:\Users\NeunerSe\Documents\Visual Studio 2017\Projects\RaspberryGlobe - Release 1.0\RaspberryGlobe\bcm2835.c(1518,10): warning : negative integer implicitly converted to unsigned type [-Wsign-conversion]
C:\Users\NeunerSe\Documents\Visual Studio 2017\Projects\RaspberryGlobe - Release 1.0\RaspberryGlobe\bcm2835.c(1522,10): warning : negative integer implicitly converted to unsigned type [-Wsign-conversion]
C:\Users\NeunerSe\Documents\Visual Studio 2017\Projects\RaspberryGlobe - Release 1.0\RaspberryGlobe\bcm2835.c(1559,13): warning : implicit declaration of function ‘posix_memalign’ [-Wimplicit-function-declaration]
C:\Users\NeunerSe\Documents\Visual Studio 2017\Projects\RaspberryGlobe - Release 1.0\RaspberryGlobe\bcm2835.c(1618,31): warning : conversion to ‘uint32_t {aka unsigned int}’ from ‘int’ may change the sign of the result [-Wsign-conversion]
  main.cpp
C:\Users\NeunerSe\Documents\Visual Studio 2017\Projects\RaspberryGlobe - Release 1.0\RaspberryGlobe\bcm2835.h(540): warning : "HIGH" redefined
/usr/local/include/wiringPi.h(67): message : this is the location of the previous definition
C:\Users\NeunerSe\Documents\Visual Studio 2017\Projects\RaspberryGlobe - Release 1.0\RaspberryGlobe\bcm2835.h(542): warning : "LOW" redefined
/usr/local/include/wiringPi.h(66): message : this is the location of the previous definition
C:\Users\NeunerSe\Documents\Visual Studio 2017\Projects\RaspberryGlobe - Release 1.0\RaspberryGlobe\definitions.h(11,1): warning : ‘typedef’ was ignored in this declaration
C:\Users\NeunerSe\Documents\Visual Studio 2017\Projects\RaspberryGlobe - Release 1.0\RaspberryGlobe\main.cpp(62,92): warning : conversion to ‘int’ from ‘std::chrono::duration<long long int, std::ratio<1ll, 1000000000ll> >::rep {aka long long int}’ may alter its value [-Wconversion]
C:\Users\NeunerSe\Documents\Visual Studio 2017\Projects\RaspberryGlobe - Release 1.0\RaspberryGlobe\main.cpp(64,16): warning : comparison between signed and unsigned integer expressions [-Wsign-compare]
C:\Users\NeunerSe\Documents\Visual Studio 2017\Projects\RaspberryGlobe - Release 1.0\RaspberryGlobe\main.cpp(35,6): warning : variable ‘result’ set but not used [-Wunused-but-set-variable]
C:\Users\NeunerSe\Documents\Visual Studio 2017\Projects\RaspberryGlobe - Release 1.0\RaspberryGlobe\main.cpp(84,88): warning : conversion to ‘int’ from ‘std::chrono::duration<long long int, std::ratio<1ll, 1000000000ll> >::rep {aka long long int}’ may alter its value [-Wconversion]
  Linking objects
  RaspberryGlobe.vcxproj -> C:\Users\NeunerSe\Documents\Visual Studio 2017\Projects\RaspberryGlobe - Release 1.0\RaspberryGlobe\bin\ARM\Debug\RaspberryGlobe.out
